{"/home/runner/work/cors-killer/cors-killer/src/cors-killer.ts": {"path":"/home/runner/work/cors-killer/cors-killer/src/cors-killer.ts","all":false,"statementMap":{"0":{"start":{"line":1,"column":0},"end":{"line":1,"column":35}},"2":{"start":{"line":3,"column":0},"end":{"line":3,"column":25}},"3":{"start":{"line":4,"column":0},"end":{"line":4,"column":56}},"4":{"start":{"line":5,"column":0},"end":{"line":5,"column":63}},"5":{"start":{"line":6,"column":0},"end":{"line":6,"column":77}},"6":{"start":{"line":7,"column":0},"end":{"line":7,"column":63}},"7":{"start":{"line":8,"column":0},"end":{"line":8,"column":63}},"8":{"start":{"line":9,"column":0},"end":{"line":9,"column":65}},"9":{"start":{"line":10,"column":0},"end":{"line":10,"column":78}},"10":{"start":{"line":11,"column":0},"end":{"line":11,"column":68}},"11":{"start":{"line":12,"column":0},"end":{"line":12,"column":59}},"12":{"start":{"line":13,"column":0},"end":{"line":13,"column":58}},"13":{"start":{"line":14,"column":0},"end":{"line":14,"column":2}},"18":{"start":{"line":19,"column":0},"end":{"line":19,"column":52}},"19":{"start":{"line":20,"column":0},"end":{"line":20,"column":15}},"20":{"start":{"line":21,"column":0},"end":{"line":21,"column":6}},"22":{"start":{"line":23,"column":0},"end":{"line":23,"column":25}},"25":{"start":{"line":26,"column":0},"end":{"line":26,"column":16}},"31":{"start":{"line":32,"column":0},"end":{"line":32,"column":68}},"34":{"start":{"line":35,"column":0},"end":{"line":35,"column":64}},"35":{"start":{"line":36,"column":0},"end":{"line":36,"column":17}},"37":{"start":{"line":38,"column":0},"end":{"line":38,"column":12}},"38":{"start":{"line":39,"column":0},"end":{"line":39,"column":2}},"42":{"start":{"line":43,"column":0},"end":{"line":43,"column":28}},"43":{"start":{"line":44,"column":0},"end":{"line":44,"column":69}},"44":{"start":{"line":45,"column":0},"end":{"line":45,"column":57}},"45":{"start":{"line":46,"column":0},"end":{"line":46,"column":72}},"46":{"start":{"line":47,"column":0},"end":{"line":47,"column":4}},"47":{"start":{"line":48,"column":0},"end":{"line":48,"column":31}},"48":{"start":{"line":49,"column":0},"end":{"line":49,"column":2}}},"s":{"0":1,"2":1,"3":1,"4":1,"5":1,"6":1,"7":1,"8":1,"9":1,"10":1,"11":1,"12":1,"13":1,"18":1,"19":7,"20":7,"22":7,"25":7,"31":7,"34":7,"35":7,"37":1,"38":1,"42":2,"43":2,"44":2,"45":2,"46":2,"47":7,"48":7},"branchMap":{"0":{"type":"branch","line":4,"loc":{"start":{"line":4,"column":1},"end":{"line":4,"column":56}},"locations":[{"start":{"line":4,"column":1},"end":{"line":4,"column":56}}]},"1":{"type":"branch","line":5,"loc":{"start":{"line":5,"column":1},"end":{"line":5,"column":63}},"locations":[{"start":{"line":5,"column":1},"end":{"line":5,"column":63}}]},"2":{"type":"branch","line":6,"loc":{"start":{"line":6,"column":1},"end":{"line":6,"column":77}},"locations":[{"start":{"line":6,"column":1},"end":{"line":6,"column":77}}]},"3":{"type":"branch","line":7,"loc":{"start":{"line":7,"column":1},"end":{"line":7,"column":63}},"locations":[{"start":{"line":7,"column":1},"end":{"line":7,"column":63}}]},"4":{"type":"branch","line":8,"loc":{"start":{"line":8,"column":1},"end":{"line":8,"column":63}},"locations":[{"start":{"line":8,"column":1},"end":{"line":8,"column":63}}]},"5":{"type":"branch","line":9,"loc":{"start":{"line":9,"column":1},"end":{"line":9,"column":65}},"locations":[{"start":{"line":9,"column":1},"end":{"line":9,"column":65}}]},"6":{"type":"branch","line":10,"loc":{"start":{"line":10,"column":1},"end":{"line":10,"column":78}},"locations":[{"start":{"line":10,"column":1},"end":{"line":10,"column":78}}]},"7":{"type":"branch","line":11,"loc":{"start":{"line":11,"column":1},"end":{"line":11,"column":68}},"locations":[{"start":{"line":11,"column":1},"end":{"line":11,"column":68}}]},"8":{"type":"branch","line":12,"loc":{"start":{"line":12,"column":1},"end":{"line":12,"column":59}},"locations":[{"start":{"line":12,"column":1},"end":{"line":12,"column":59}}]},"9":{"type":"branch","line":13,"loc":{"start":{"line":13,"column":1},"end":{"line":13,"column":58}},"locations":[{"start":{"line":13,"column":1},"end":{"line":13,"column":58}}]},"10":{"type":"branch","line":19,"loc":{"start":{"line":19,"column":26},"end":{"line":49,"column":2}},"locations":[{"start":{"line":19,"column":26},"end":{"line":49,"column":2}}]},"11":{"type":"branch","line":32,"loc":{"start":{"line":32,"column":56},"end":{"line":32,"column":68}},"locations":[{"start":{"line":32,"column":56},"end":{"line":32,"column":68}}]},"12":{"type":"branch","line":32,"loc":{"start":{"line":32,"column":63},"end":{"line":35,"column":59}},"locations":[{"start":{"line":32,"column":63},"end":{"line":35,"column":59}}]},"13":{"type":"branch","line":35,"loc":{"start":{"line":35,"column":52},"end":{"line":35,"column":64}},"locations":[{"start":{"line":35,"column":52},"end":{"line":35,"column":64}}]},"14":{"type":"branch","line":36,"loc":{"start":{"line":36,"column":1},"end":{"line":39,"column":2}},"locations":[{"start":{"line":36,"column":1},"end":{"line":39,"column":2}}]},"15":{"type":"branch","line":39,"loc":{"start":{"line":39,"column":1},"end":{"line":48,"column":28}},"locations":[{"start":{"line":39,"column":1},"end":{"line":48,"column":28}}]},"16":{"type":"branch","line":48,"loc":{"start":{"line":48,"column":18},"end":{"line":48,"column":31}},"locations":[{"start":{"line":48,"column":18},"end":{"line":48,"column":31}}]},"17":{"type":"branch","line":35,"loc":{"start":{"line":35,"column":27},"end":{"line":35,"column":49}},"locations":[{"start":{"line":35,"column":27},"end":{"line":35,"column":49}}]}},"b":{"0":[5],"1":[4],"2":[3],"3":[2],"4":[2],"5":[2],"6":[2],"7":[2],"8":[2],"9":[2],"10":[7],"11":[1],"12":[5],"13":[3],"14":[1],"15":[2],"16":[0],"17":[26]},"fnMap":{"0":{"name":"CORS_FREE_HOSTS","decl":{"start":{"line":6,"column":1},"end":{"line":6,"column":77}},"loc":{"start":{"line":6,"column":1},"end":{"line":6,"column":77}},"line":6},"1":{"name":"CORS_FREE_HOSTS","decl":{"start":{"line":7,"column":1},"end":{"line":7,"column":63}},"loc":{"start":{"line":7,"column":1},"end":{"line":7,"column":63}},"line":7},"2":{"name":"CORS_FREE_HOSTS","decl":{"start":{"line":8,"column":1},"end":{"line":8,"column":63}},"loc":{"start":{"line":8,"column":1},"end":{"line":8,"column":63}},"line":8},"3":{"name":"CORS_FREE_HOSTS","decl":{"start":{"line":11,"column":1},"end":{"line":11,"column":68}},"loc":{"start":{"line":11,"column":1},"end":{"line":11,"column":68}},"line":11},"4":{"name":"CORS_FREE_HOSTS","decl":{"start":{"line":12,"column":1},"end":{"line":12,"column":59}},"loc":{"start":{"line":12,"column":1},"end":{"line":12,"column":59}},"line":12},"5":{"name":"CORS_FREE_HOSTS","decl":{"start":{"line":13,"column":1},"end":{"line":13,"column":58}},"loc":{"start":{"line":13,"column":1},"end":{"line":13,"column":58}},"line":13},"6":{"name":"corsKiller","decl":{"start":{"line":19,"column":26},"end":{"line":49,"column":2}},"loc":{"start":{"line":19,"column":26},"end":{"line":49,"column":2}},"line":19}},"f":{"0":3,"1":2,"2":2,"3":2,"4":2,"5":2,"6":7}}
,"/home/runner/work/cors-killer/cors-killer/src/util.ts": {"path":"/home/runner/work/cors-killer/cors-killer/src/util.ts","all":false,"statementMap":{"3":{"start":{"line":4,"column":0},"end":{"line":4,"column":67}},"4":{"start":{"line":5,"column":0},"end":{"line":5,"column":49}}},"s":{"3":1,"4":104},"branchMap":{"0":{"type":"branch","line":4,"loc":{"start":{"line":4,"column":25},"end":{"line":5,"column":49}},"locations":[{"start":{"line":4,"column":25},"end":{"line":5,"column":49}}]}},"b":{"0":[104]},"fnMap":{"0":{"name":"randArray","decl":{"start":{"line":4,"column":25},"end":{"line":5,"column":49}},"loc":{"start":{"line":4,"column":25},"end":{"line":5,"column":49}},"line":4}},"f":{"0":104}}
}
