{"/home/runner/work/cors-killer/cors-killer/src/cors-killer.ts": {"path":"/home/runner/work/cors-killer/cors-killer/src/cors-killer.ts","all":false,"statementMap":{"0":{"start":{"line":1,"column":0},"end":{"line":1,"column":35}},"2":{"start":{"line":3,"column":0},"end":{"line":3,"column":25}},"3":{"start":{"line":4,"column":0},"end":{"line":4,"column":70}},"4":{"start":{"line":5,"column":0},"end":{"line":5,"column":77}},"5":{"start":{"line":6,"column":0},"end":{"line":6,"column":91}},"6":{"start":{"line":7,"column":0},"end":{"line":7,"column":77}},"7":{"start":{"line":8,"column":0},"end":{"line":8,"column":77}},"8":{"start":{"line":9,"column":0},"end":{"line":9,"column":79}},"9":{"start":{"line":10,"column":0},"end":{"line":10,"column":92}},"10":{"start":{"line":11,"column":0},"end":{"line":11,"column":82}},"11":{"start":{"line":12,"column":0},"end":{"line":12,"column":73}},"12":{"start":{"line":13,"column":0},"end":{"line":13,"column":72}},"13":{"start":{"line":14,"column":0},"end":{"line":14,"column":2}},"18":{"start":{"line":19,"column":0},"end":{"line":19,"column":52}},"19":{"start":{"line":20,"column":0},"end":{"line":20,"column":12}},"20":{"start":{"line":21,"column":0},"end":{"line":21,"column":6}},"21":{"start":{"line":22,"column":0},"end":{"line":22,"column":19}},"22":{"start":{"line":23,"column":0},"end":{"line":23,"column":17}},"24":{"start":{"line":25,"column":0},"end":{"line":25,"column":12}},"25":{"start":{"line":26,"column":0},"end":{"line":26,"column":2}},"28":{"start":{"line":29,"column":0},"end":{"line":29,"column":40}},"34":{"start":{"line":35,"column":0},"end":{"line":35,"column":65}},"37":{"start":{"line":38,"column":0},"end":{"line":38,"column":61}},"41":{"start":{"line":42,"column":0},"end":{"line":42,"column":35}},"45":{"start":{"line":46,"column":0},"end":{"line":46,"column":28}},"46":{"start":{"line":47,"column":0},"end":{"line":47,"column":69}},"47":{"start":{"line":48,"column":0},"end":{"line":48,"column":57}},"48":{"start":{"line":49,"column":0},"end":{"line":49,"column":72}},"49":{"start":{"line":50,"column":0},"end":{"line":50,"column":4}},"50":{"start":{"line":51,"column":0},"end":{"line":51,"column":31}},"51":{"start":{"line":52,"column":0},"end":{"line":52,"column":2}}},"s":{"0":1,"2":1,"3":1,"4":1,"5":1,"6":1,"7":1,"8":1,"9":1,"10":1,"11":1,"12":1,"13":1,"18":1,"19":18,"20":18,"21":18,"22":18,"24":2,"25":2,"28":16,"34":18,"37":18,"41":18,"45":2,"46":2,"47":2,"48":2,"49":2,"50":18,"51":18},"branchMap":{"0":{"type":"branch","line":4,"loc":{"start":{"line":4,"column":1},"end":{"line":4,"column":70}},"locations":[{"start":{"line":4,"column":1},"end":{"line":4,"column":70}}]},"1":{"type":"branch","line":5,"loc":{"start":{"line":5,"column":1},"end":{"line":5,"column":77}},"locations":[{"start":{"line":5,"column":1},"end":{"line":5,"column":77}}]},"2":{"type":"branch","line":6,"loc":{"start":{"line":6,"column":1},"end":{"line":6,"column":91}},"locations":[{"start":{"line":6,"column":1},"end":{"line":6,"column":91}}]},"3":{"type":"branch","line":7,"loc":{"start":{"line":7,"column":1},"end":{"line":7,"column":77}},"locations":[{"start":{"line":7,"column":1},"end":{"line":7,"column":77}}]},"4":{"type":"branch","line":8,"loc":{"start":{"line":8,"column":1},"end":{"line":8,"column":77}},"locations":[{"start":{"line":8,"column":1},"end":{"line":8,"column":77}}]},"5":{"type":"branch","line":9,"loc":{"start":{"line":9,"column":1},"end":{"line":9,"column":79}},"locations":[{"start":{"line":9,"column":1},"end":{"line":9,"column":79}}]},"6":{"type":"branch","line":10,"loc":{"start":{"line":10,"column":1},"end":{"line":10,"column":92}},"locations":[{"start":{"line":10,"column":1},"end":{"line":10,"column":92}}]},"7":{"type":"branch","line":11,"loc":{"start":{"line":11,"column":1},"end":{"line":11,"column":82}},"locations":[{"start":{"line":11,"column":1},"end":{"line":11,"column":82}}]},"8":{"type":"branch","line":12,"loc":{"start":{"line":12,"column":1},"end":{"line":12,"column":73}},"locations":[{"start":{"line":12,"column":1},"end":{"line":12,"column":73}}]},"9":{"type":"branch","line":13,"loc":{"start":{"line":13,"column":1},"end":{"line":13,"column":72}},"locations":[{"start":{"line":13,"column":1},"end":{"line":13,"column":72}}]},"10":{"type":"branch","line":19,"loc":{"start":{"line":19,"column":26},"end":{"line":52,"column":2}},"locations":[{"start":{"line":19,"column":26},"end":{"line":52,"column":2}}]},"11":{"type":"branch","line":23,"loc":{"start":{"line":23,"column":1},"end":{"line":26,"column":2}},"locations":[{"start":{"line":23,"column":1},"end":{"line":26,"column":2}}]},"12":{"type":"branch","line":26,"loc":{"start":{"line":26,"column":1},"end":{"line":35,"column":60}},"locations":[{"start":{"line":26,"column":1},"end":{"line":35,"column":60}}]},"13":{"type":"branch","line":35,"loc":{"start":{"line":35,"column":53},"end":{"line":35,"column":65}},"locations":[{"start":{"line":35,"column":53},"end":{"line":35,"column":65}}]},"14":{"type":"branch","line":35,"loc":{"start":{"line":35,"column":60},"end":{"line":38,"column":56}},"locations":[{"start":{"line":35,"column":60},"end":{"line":38,"column":56}}]},"15":{"type":"branch","line":38,"loc":{"start":{"line":38,"column":49},"end":{"line":38,"column":61}},"locations":[{"start":{"line":38,"column":49},"end":{"line":38,"column":61}}]},"16":{"type":"branch","line":38,"loc":{"start":{"line":38,"column":56},"end":{"line":42,"column":32}},"locations":[{"start":{"line":38,"column":56},"end":{"line":42,"column":32}}]},"17":{"type":"branch","line":42,"loc":{"start":{"line":42,"column":25},"end":{"line":42,"column":35}},"locations":[{"start":{"line":42,"column":25},"end":{"line":42,"column":35}}]},"18":{"type":"branch","line":42,"loc":{"start":{"line":42,"column":32},"end":{"line":51,"column":28}},"locations":[{"start":{"line":42,"column":32},"end":{"line":51,"column":28}}]},"19":{"type":"branch","line":51,"loc":{"start":{"line":51,"column":18},"end":{"line":51,"column":31}},"locations":[{"start":{"line":51,"column":18},"end":{"line":51,"column":31}}]},"20":{"type":"branch","line":38,"loc":{"start":{"line":38,"column":26},"end":{"line":38,"column":46}},"locations":[{"start":{"line":38,"column":26},"end":{"line":38,"column":46}}]}},"b":{"0":[13],"1":[12],"2":[11],"3":[10],"4":[9],"5":[8],"6":[7],"7":[6],"8":[5],"9":[4],"10":[18],"11":[2],"12":[16],"13":[3],"14":[13],"15":[10],"16":[3],"17":[1],"18":[2],"19":[0],"20":[85]},"fnMap":{"0":{"name":"CORS_FREE_HOSTS","decl":{"start":{"line":6,"column":1},"end":{"line":6,"column":91}},"loc":{"start":{"line":6,"column":1},"end":{"line":6,"column":91}},"line":6},"1":{"name":"CORS_FREE_HOSTS","decl":{"start":{"line":7,"column":1},"end":{"line":7,"column":77}},"loc":{"start":{"line":7,"column":1},"end":{"line":7,"column":77}},"line":7},"2":{"name":"CORS_FREE_HOSTS","decl":{"start":{"line":8,"column":1},"end":{"line":8,"column":77}},"loc":{"start":{"line":8,"column":1},"end":{"line":8,"column":77}},"line":8},"3":{"name":"CORS_FREE_HOSTS","decl":{"start":{"line":11,"column":1},"end":{"line":11,"column":82}},"loc":{"start":{"line":11,"column":1},"end":{"line":11,"column":82}},"line":11},"4":{"name":"CORS_FREE_HOSTS","decl":{"start":{"line":12,"column":1},"end":{"line":12,"column":73}},"loc":{"start":{"line":12,"column":1},"end":{"line":12,"column":73}},"line":12},"5":{"name":"CORS_FREE_HOSTS","decl":{"start":{"line":13,"column":1},"end":{"line":13,"column":72}},"loc":{"start":{"line":13,"column":1},"end":{"line":13,"column":72}},"line":13},"6":{"name":"corsKiller","decl":{"start":{"line":19,"column":26},"end":{"line":52,"column":2}},"loc":{"start":{"line":19,"column":26},"end":{"line":52,"column":2}},"line":19}},"f":{"0":11,"1":10,"2":9,"3":6,"4":5,"5":4,"6":18}}
,"/home/runner/work/cors-killer/cors-killer/src/util.ts": {"path":"/home/runner/work/cors-killer/cors-killer/src/util.ts","all":false,"statementMap":{"3":{"start":{"line":4,"column":0},"end":{"line":4,"column":67}},"4":{"start":{"line":5,"column":0},"end":{"line":5,"column":49}}},"s":{"3":1,"4":102},"branchMap":{"0":{"type":"branch","line":4,"loc":{"start":{"line":4,"column":25},"end":{"line":5,"column":49}},"locations":[{"start":{"line":4,"column":25},"end":{"line":5,"column":49}}]}},"b":{"0":[102]},"fnMap":{"0":{"name":"randArray","decl":{"start":{"line":4,"column":25},"end":{"line":5,"column":49}},"loc":{"start":{"line":4,"column":25},"end":{"line":5,"column":49}},"line":4}},"f":{"0":102}}
}
